[debug] [2025-12-01T20:35:54.258Z] ----------------------------------------------------------------------
[debug] [2025-12-01T20:35:54.260Z] Command:       C:\Users\omaro\DOWNLO~1\firebase-tools-instant-win.exe C:\Users\omaro\.cache\firebase\tools\lib\node_modules\firebase-tools\lib\bin\firebase init
[debug] [2025-12-01T20:35:54.260Z] CLI Version:   14.26.0
[debug] [2025-12-01T20:35:54.260Z] Platform:      win32
[debug] [2025-12-01T20:35:54.260Z] Node Version:  v20.18.2
[debug] [2025-12-01T20:35:54.260Z] Time:          Mon Dec 01 2025 14:35:54 GMT-0600 (GMT-06:00)
[debug] [2025-12-01T20:35:54.260Z] ----------------------------------------------------------------------
[debug] 
[info] 
     ######## #### ########  ######## ########     ###     ######  ########
     ##        ##  ##     ## ##       ##     ##  ##   ##  ##       ##
     ######    ##  ########  ######   ########  #########  ######  ######
     ##        ##  ##    ##  ##       ##     ## ##     ##       ## ##
     ##       #### ##     ## ######## ########  ##     ##  ######  ########

You're about to initialize a Firebase project in this directory:

  C:\Users\omaro\Downloads\Paginaweb

[info] 
=== Project Setup
[info] 
[info] First, let's associate this project directory with a Firebase project.
[info] You can create multiple project aliases by running firebase use --add, 
[info] 
[debug] [2025-12-01T20:43:36.946Z] > command requires scopes: ["email","openid","https://www.googleapis.com/auth/cloudplatformprojects.readonly","https://www.googleapis.com/auth/firebase","https://www.googleapis.com/auth/cloud-platform"]
[debug] [2025-12-01T20:43:36.948Z] > authorizing via signed-in user (omarortiz260108@gmail.com)
[debug] [2025-12-01T20:43:36.950Z] Checked if tokens are valid: true, expires at: 1764624289460
[debug] [2025-12-01T20:43:36.950Z] Checked if tokens are valid: true, expires at: 1764624289460
[debug] [2025-12-01T20:43:36.952Z] >>> [apiv2][query] GET https://firebase.googleapis.com/v1beta1/projects pageSize=100
[debug] [2025-12-01T20:43:37.405Z] <<< [apiv2][status] GET https://firebase.googleapis.com/v1beta1/projects 200
[debug] [2025-12-01T20:43:37.405Z] <<< [apiv2][body] GET https://firebase.googleapis.com/v1beta1/projects [omitted]
[info] 
=== Hosting Setup
[debug] [2025-12-01T20:44:33.383Z] Checked if tokens are valid: true, expires at: 1764624289460
[debug] [2025-12-01T20:44:33.383Z] Checked if tokens are valid: true, expires at: 1764624289460
[debug] [2025-12-01T20:44:33.383Z] >>> [apiv2][query] GET https://firebase.googleapis.com/v1beta1/projects/calidero-de-calificaciones [none]
[debug] [2025-12-01T20:44:33.668Z] <<< [apiv2][status] GET https://firebase.googleapis.com/v1beta1/projects/calidero-de-calificaciones 200
[debug] [2025-12-01T20:44:33.668Z] <<< [apiv2][body] GET https://firebase.googleapis.com/v1beta1/projects/calidero-de-calificaciones {"projectId":"calidero-de-calificaciones","projectNumber":"721072504288","displayName":"Calidero de Calificaciones","name":"projects/calidero-de-calificaciones","resources":{"hostingSite":"calidero-de-calificaciones"},"state":"ACTIVE","etag":"1_f158ce98-2bab-4e00-8253-c620cd7424b3"}
[info] 
[info] Your public directory is the folder (relative to your project directory) that
[info] will contain Hosting assets to be uploaded with firebase deploy. If you
[info] have a build process for your assets, use your build's output directory.
[info] 
[info] 
[info] i  Didn't detect a .git folder. Assuming C:\Users\omaro\Downloads\Paginaweb is the project root. 
[info] i  Authorizing with GitHub to upload your service account to a GitHub repository's secrets store. 
[info] 
[info] Visit this URL on this device to log in:
[info] https://github.com/login/oauth/authorize?client_id=89cf50f02ac6aaed3484&state=66867319&redirect_uri=http%3A%2F%2Flocalhost%3A9005&scope=read%3Auser%20repo%20public_repo
[info] 
[info] Waiting for authentication...
[debug] [2025-12-01T20:47:17.855Z] >>> [apiv2][query] POST https://github.com/login/oauth/access_token [none]
[debug] [2025-12-01T20:47:17.856Z] >>> [apiv2][body] POST https://github.com/login/oauth/access_token [stream]
[debug] [2025-12-01T20:47:18.170Z] <<< [apiv2][status] POST https://github.com/login/oauth/access_token 200
[debug] [2025-12-01T20:47:18.171Z] <<< [apiv2][body] POST https://github.com/login/oauth/access_token {"access_token":"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","token_type":"bearer","scope":"read:user,repo"}
[debug] [2025-12-01T20:47:18.177Z] >>> [apiv2][query] GET https://api.github.com/user [none]
[debug] [2025-12-01T20:47:18.513Z] <<< [apiv2][status] GET https://api.github.com/user 200
[debug] [2025-12-01T20:47:18.513Z] <<< [apiv2][body] GET https://api.github.com/user {"login":"omarortiz260108-ctrl","id":232457288,"node_id":"U_kgDODdsESA","avatar_url":"https://avatars.githubusercontent.com/u/232457288?v=4","gravatar_id":"","url":"https://api.github.com/users/omarortiz260108-ctrl","html_url":"https://github.com/omarortiz260108-ctrl","followers_url":"https://api.github.com/users/omarortiz260108-ctrl/followers","following_url":"https://api.github.com/users/omarortiz260108-ctrl/following{/other_user}","gists_url":"https://api.github.com/users/omarortiz260108-ctrl/gists{/gist_id}","starred_url":"https://api.github.com/users/omarortiz260108-ctrl/starred{/owner}{/repo}","subscriptions_url":"https://api.github.com/users/omarortiz260108-ctrl/subscriptions","organizations_url":"https://api.github.com/users/omarortiz260108-ctrl/orgs","repos_url":"https://api.github.com/users/omarortiz260108-ctrl/repos","events_url":"https://api.github.com/users/omarortiz260108-ctrl/events{/privacy}","received_events_url":"https://api.github.com/users/omarortiz260108-ctrl/received_events","type":"User","user_view_type":"private","site_admin":false,"name":null,"company":null,"blog":"","location":null,"email":null,"hireable":null,"bio":null,"twitter_username":null,"notification_email":null,"public_repos":0,"public_gists":0,"followers":0,"following":0,"created_at":"2025-09-15T20:41:08Z","updated_at":"2025-09-15T20:41:08Z","private_gists":0,"total_private_repos":0,"owned_private_repos":0,"disk_usage":0,"collaborators":0,"two_factor_authentication":false,"plan":{"name":"free","space":976562499,"collaborators":0,"private_repos":10000}}
[info] 
[info] +  Success! Logged into GitHub as omarortiz260108-ctrl 
[info] 
[debug] [2025-12-01T20:50:53.291Z] >>> [apiv2][query] GET https://api.github.com/repos/C:\Users\omaro\Downloads\Paginaweb/actions/secrets/public-key type=owner
[debug] [2025-12-01T20:50:53.503Z] <<< [apiv2][status] GET https://api.github.com/repos/C:\Users\omaro\Downloads\Paginaweb/actions/secrets/public-key 404
[debug] [2025-12-01T20:50:53.503Z] <<< [apiv2][body] GET https://api.github.com/repos/C:\Users\omaro\Downloads\Paginaweb/actions/secrets/public-key {"message":"Not Found","documentation_url":"https://docs.github.com/rest","status":"404"}
[info] 
[info] 
[error] !  The provided authorization cannot be used with this repository. If this repository is in an organization, did you remember to grant access? 
[info] 
[info] i  Action required: Visit this URL to ensure access has been granted to the appropriate organization(s) for the Firebase CLI GitHub OAuth App: 
[info] https://github.com/settings/connections/applications/89cf50f02ac6aaed3484
[info] 
[debug] [2025-12-01T20:51:00.723Z] >>> [apiv2][query] GET https://api.github.com/repos/cd C:\Users\omaro\Downloads\Paginaweb/actions/secrets/public-key type=owner
[debug] [2025-12-01T20:51:00.920Z] <<< [apiv2][status] GET https://api.github.com/repos/cd C:\Users\omaro\Downloads\Paginaweb/actions/secrets/public-key 404
[debug] [2025-12-01T20:51:00.920Z] <<< [apiv2][body] GET https://api.github.com/repos/cd C:\Users\omaro\Downloads\Paginaweb/actions/secrets/public-key {"message":"Not Found","documentation_url":"https://docs.github.com/rest","status":"404"}
[info] 
[info] 
[error] !  The provided authorization cannot be used with this repository. If this repository is in an organization, did you remember to grant access? 
[info] 
[info] i  Action required: Visit this URL to ensure access has been granted to the appropriate organization(s) for the Firebase CLI GitHub OAuth App: 
[info] https://github.com/settings/connections/applications/89cf50f02ac6aaed3484
[info] 
[debug] [2025-12-01T20:56:05.711Z] >>> [apiv2][query] GET https://api.github.com/repos/omarortiz260108-ctrl/CalificaiconesBanco/actions/secrets/public-key type=owner
[debug] [2025-12-01T20:56:05.980Z] <<< [apiv2][status] GET https://api.github.com/repos/omarortiz260108-ctrl/CalificaiconesBanco/actions/secrets/public-key 404
[debug] [2025-12-01T20:56:05.980Z] <<< [apiv2][body] GET https://api.github.com/repos/omarortiz260108-ctrl/CalificaiconesBanco/actions/secrets/public-key {"message":"Not Found","documentation_url":"https://docs.github.com/rest/actions/secrets#get-a-repository-public-key","status":"404"}
[info] 
[info] 
[error] !  The provided authorization cannot be used with this repository. If this repository is in an organization, did you remember to grant access? 
[info] 
[info] i  Action required: Visit this URL to ensure access has been granted to the appropriate organization(s) for the Firebase CLI GitHub OAuth App: 
[info] https://github.com/settings/connections/applications/89cf50f02ac6aaed3484
[info] 
[debug] [2025-12-01T20:56:21.350Z] >>> [apiv2][query] GET https://api.github.com/repos/omarortiz260108-ctrl/CalificaiconesBanco/actions/secrets/public-key type=owner
[debug] [2025-12-01T20:56:21.637Z] <<< [apiv2][status] GET https://api.github.com/repos/omarortiz260108-ctrl/CalificaiconesBanco/actions/secrets/public-key 404
[debug] [2025-12-01T20:56:21.637Z] <<< [apiv2][body] GET https://api.github.com/repos/omarortiz260108-ctrl/CalificaiconesBanco/actions/secrets/public-key {"message":"Not Found","documentation_url":"https://docs.github.com/rest/actions/secrets#get-a-repository-public-key","status":"404"}
[info] 
[info] 
[error] !  The provided authorization cannot be used with this repository. If this repository is in an organization, did you remember to grant access? 
[info] 
[info] i  Action required: Visit this URL to ensure access has been granted to the appropriate organization(s) for the Firebase CLI GitHub OAuth App: 
[info] https://github.com/settings/connections/applications/89cf50f02ac6aaed3484
[info] 
